Using pre-set license
Built from '2021.3/staging' branch; Version is '2021.3.4f1 (cb45f9cae8b7) revision 13321721'; Using compiler version '192829333'; Build Type 'Release'
OS: 'Windows 10  (10.0.19045) 64bit CoreCountrySpecific' Language: 'zh' Physical Memory: 32636 MB
BatchMode: 1, IsHumanControllingUs: 0, StartBugReporterOnCrash: 0, Is64bit: 1, IsPro: 1

COMMAND LINE ARGUMENTS:
L:\unityHub\Editor\2021.3.4f1\Editor\Unity.exe
-adb2
-batchMode
-noUpm
-name
AssetImportWorker0
-projectPath
L:/VRRoom/VR_Room_sqh
-logFile
Logs/AssetImportWorker0.log
-srvPort
9663
Successfully changed project path to: L:/VRRoom/VR_Room_sqh
L:/VRRoom/VR_Room_sqh
[UnityMemory] Configuration Parameters - Can be set up in boot.config
    "memorysetup-bucket-allocator-granularity=16"
    "memorysetup-bucket-allocator-bucket-count=8"
    "memorysetup-bucket-allocator-block-size=33554432"
    "memorysetup-bucket-allocator-block-count=8"
    "memorysetup-main-allocator-block-size=16777216"
    "memorysetup-thread-allocator-block-size=16777216"
    "memorysetup-gfx-main-allocator-block-size=16777216"
    "memorysetup-gfx-thread-allocator-block-size=16777216"
    "memorysetup-cache-allocator-block-size=4194304"
    "memorysetup-typetree-allocator-block-size=2097152"
    "memorysetup-profiler-bucket-allocator-granularity=16"
    "memorysetup-profiler-bucket-allocator-bucket-count=8"
    "memorysetup-profiler-bucket-allocator-block-size=33554432"
    "memorysetup-profiler-bucket-allocator-block-count=8"
    "memorysetup-profiler-allocator-block-size=16777216"
    "memorysetup-profiler-editor-allocator-block-size=1048576"
    "memorysetup-temp-allocator-size-main=16777216"
    "memorysetup-job-temp-allocator-block-size=2097152"
    "memorysetup-job-temp-allocator-block-size-background=1048576"
    "memorysetup-job-temp-allocator-reduction-small-platforms=262144"
    "memorysetup-temp-allocator-size-background-worker=32768"
    "memorysetup-temp-allocator-size-job-worker=262144"
    "memorysetup-temp-allocator-size-preload-manager=33554432"
    "memorysetup-temp-allocator-size-nav-mesh-worker=65536"
    "memorysetup-temp-allocator-size-audio-worker=65536"
    "memorysetup-temp-allocator-size-cloud-worker=32768"
    "memorysetup-temp-allocator-size-gi-baking-worker=262144"
    "memorysetup-temp-allocator-size-gfx=262144"
Refreshing native plugins compatible for Editor in 119.88 ms, found 8 plugins.
Preloading 0 native plugins for Editor in 0.00 ms.
Initialize engine version: 2021.3.4f1 (cb45f9cae8b7)
[Subsystems] Discovering subsystems at path L:/unityHub/Editor/2021.3.4f1/Editor/Data/Resources/UnitySubsystems
[Subsystems] Discovering subsystems at path L:/VRRoom/VR_Room_sqh/Assets
GfxDevice: creating device client; threaded=0; jobified=0
Direct3D:
    Version:  Direct3D 11.0 [level 11.1]
    Renderer: NVIDIA GeForce RTX 3050 Ti Laptop GPU (ID=0x25e0)
    Vendor:   NVIDIA
    VRAM:     3990 MB
    Driver:   30.0.15.1236
Initialize mono
Mono path[0] = 'L:/unityHub/Editor/2021.3.4f1/Editor/Data/Managed'
Mono path[1] = 'L:/unityHub/Editor/2021.3.4f1/Editor/Data/MonoBleedingEdge/lib/mono/unityjit-win32'
Mono config path = 'L:/unityHub/Editor/2021.3.4f1/Editor/Data/MonoBleedingEdge/etc'
Using monoOptions --debugger-agent=transport=dt_socket,embedding=1,server=y,suspend=n,address=127.0.0.1:56268
Begin MonoManager ReloadAssembly
Registering precompiled unity dll's ...
Register platform support module: L:/unityHub/Editor/2021.3.4f1/Editor/Data/PlaybackEngines/WindowsStandaloneSupport/UnityEditor.WindowsStandalone.Extensions.dll
Registered in 0.002664 seconds.
Native extension for WindowsStandalone target not found
Refreshing native plugins compatible for Editor in 101.30 ms, found 8 plugins.
Preloading 0 native plugins for Editor in 0.00 ms.
Mono: successfully reloaded assembly
- Completed reload, in  0.572 seconds
Domain Reload Profiling:
	ReloadAssembly (573ms)
		BeginReloadAssembly (80ms)
			ExecutionOrderSort (0ms)
			DisableScriptedObjects (0ms)
			BackupInstance (0ms)
			ReleaseScriptingObjects (0ms)
			CreateAndSetChildDomain (1ms)
		EndReloadAssembly (411ms)
			LoadAssemblies (80ms)
			RebuildTransferFunctionScriptingTraits (0ms)
			SetupTypeCache (87ms)
			ReleaseScriptCaches (0ms)
			RebuildScriptCaches (23ms)
			SetupLoadedEditorAssemblies (258ms)
				LogAssemblyErrors (0ms)
				InitializePlatformSupportModulesInManaged (5ms)
				SetLoadedEditorAssemblies (0ms)
				RefreshPlugins (101ms)
				BeforeProcessingInitializeOnLoad (1ms)
				ProcessInitializeOnLoadAttributes (110ms)
				ProcessInitializeOnLoadMethodAttributes (40ms)
				AfterProcessingInitializeOnLoad (0ms)
				EditorAssembliesLoaded (0ms)
			ExecutionOrderSort2 (0ms)
			AwakeInstancesAfterBackupRestoration (0ms)
Platform modules already initialized, skipping
Registering precompiled user dll's ...
Registered in 0.007943 seconds.
Begin MonoManager ReloadAssembly
Symbol file LoadedFromMemory doesn't match image L:\VRRoom\VR_Room_sqh\Library\PackageCache\com.unity.visualscripting@1.7.8\Editor\VisualScripting.Core\Dependencies\DotNetZip\Unity.VisualScripting.IonicZip.dll
Symbol file LoadedFromMemory doesn't match image L:\VRRoom\VR_Room_sqh\Library\PackageCache\com.unity.visualscripting@1.7.8\Editor\VisualScripting.Core\Dependencies\YamlDotNet\Unity.VisualScripting.YamlDotNet.dll
Native extension for WindowsStandalone target not found
Refreshing native plugins compatible for Editor in 121.56 ms, found 8 plugins.
Preloading 0 native plugins for Editor in 0.00 ms.
Package Manager log level set to [2]
Mono: successfully reloaded assembly
- Completed reload, in  1.234 seconds
Domain Reload Profiling:
	ReloadAssembly (1235ms)
		BeginReloadAssembly (106ms)
			ExecutionOrderSort (0ms)
			DisableScriptedObjects (5ms)
			BackupInstance (0ms)
			ReleaseScriptingObjects (0ms)
			CreateAndSetChildDomain (18ms)
		EndReloadAssembly (1033ms)
			LoadAssemblies (105ms)
			RebuildTransferFunctionScriptingTraits (0ms)
			SetupTypeCache (230ms)
			ReleaseScriptCaches (1ms)
			RebuildScriptCaches (55ms)
			SetupLoadedEditorAssemblies (618ms)
				LogAssemblyErrors (0ms)
				InitializePlatformSupportModulesInManaged (3ms)
				SetLoadedEditorAssemblies (0ms)
				RefreshPlugins (122ms)
				BeforeProcessingInitializeOnLoad (117ms)
				ProcessInitializeOnLoadAttributes (298ms)
				ProcessInitializeOnLoadMethodAttributes (75ms)
				AfterProcessingInitializeOnLoad (3ms)
				EditorAssembliesLoaded (0ms)
			ExecutionOrderSort2 (0ms)
			AwakeInstancesAfterBackupRestoration (8ms)
Platform modules already initialized, skipping
========================================================================
Worker process is ready to serve import requests
Launched and connected shader compiler UnityShaderCompiler.exe after 0.06 seconds
Refreshing native plugins compatible for Editor in 1.21 ms, found 8 plugins.
Preloading 0 native plugins for Editor in 0.00 ms.
Unloading 5891 Unused Serialized files (Serialized files now loaded: 0)
Unloading 55 unused Assets / (0.7 MB). Loaded Objects now: 6327.
Memory consumption went from 226.0 MB to 225.3 MB.
Total: 4.363400 ms (FindLiveObjects: 0.468600 ms CreateObjectMapping: 0.415300 ms MarkObjects: 3.112400 ms  DeleteObjects: 0.366000 ms)

AssetImportParameters requested are different than current active one (requested -> active):
  custom:video-decoder-ogg-theora: a1e56fd34408186e4bbccfd4996cb3dc -> 
  custom:container-muxer-webm: aa71ff27fc2769a1b78a27578f13a17b -> 
  custom:container-demuxer-webm: 4f35f7cbe854078d1ac9338744f61a02 -> 
  custom:video-encoder-webm-vp8: eb34c28f22e8b96e1ab97ce403110664 -> 
  custom:video-codec-MediaFoundation-h265: 746d11721c4dcdbdad8f713fa42b33f4 -> 
  custom:audio-encoder-webm-vorbis: bf7c407c2cedff20999df2af8eb42d56 -> 
  custom:framework-win-MediaFoundation: 216162199b28c13a410421893ffa2e32 -> 
  custom:container-demuxer-ogg: 62fdf1f143b41e24485cea50d1cbac27 -> 
  custom:video-decoder-webm-vp8: 9c59270c3fd7afecdb556c50c9e8de78 -> 
  custom:audio-decoder-ogg-vorbis: bf7c407c2cedff20999df2af8eb42d56 -> 
========================================================================
Received Import Request.
  Time since last request: 326780.338777 seconds.
  path: Assets/Scenes/Create-with-VR-Starter-Scene.unity
  artifactKey: Guid(99c9720ab356a0642a771bea13969a05) Importer(815301076,1909f56bfc062723c751e8b465ee728b)
Start importing Assets/Scenes/Create-with-VR-Starter-Scene.unity using Guid(99c9720ab356a0642a771bea13969a05) Importer(815301076,1909f56bfc062723c751e8b465ee728b)  -> (artifact id: 'ca6eaebea3cca4a3c4cd3f1abba524bb') in 0.012198 seconds 
========================================================================
Received Import Request.
  Time since last request: 156.206892 seconds.
  path: Assets/_Course Library/_Prefabs/Rooms/Room_Modern.prefab
  artifactKey: Guid(d9470993b9bd0a541a884d6f6704a421) Importer(815301076,1909f56bfc062723c751e8b465ee728b)
Start importing Assets/_Course Library/_Prefabs/Rooms/Room_Modern.prefab using Guid(d9470993b9bd0a541a884d6f6704a421) Importer(815301076,1909f56bfc062723c751e8b465ee728b)  -> (artifact id: '3f27de4b56594bb4db331a4742fff251') in 1.074898 seconds 
========================================================================
Received Import Request.
  Time since last request: 45.793828 seconds.
  path: Assets/_Course Library/_Prefabs/Rooms/Room_Modern.prefab
  artifactKey: Guid(d9470993b9bd0a541a884d6f6704a421) Importer(815301076,1909f56bfc062723c751e8b465ee728b)
Start importing Assets/_Course Library/_Prefabs/Rooms/Room_Modern.prefab using Guid(d9470993b9bd0a541a884d6f6704a421) Importer(815301076,1909f56bfc062723c751e8b465ee728b)  -> (artifact id: '7943e213e053b187d0aa98a31e361051') in 0.027996 seconds 
========================================================================
Received Import Request.
  Time since last request: 29.967486 seconds.
  path: Assets/_Course Library/_Prefabs/Environments/Background_Buildings.prefab
  artifactKey: Guid(4e12f80178b8d6e47a7b602b9e2f58fb) Importer(815301076,1909f56bfc062723c751e8b465ee728b)
Start importing Assets/_Course Library/_Prefabs/Environments/Background_Buildings.prefab using Guid(4e12f80178b8d6e47a7b602b9e2f58fb) Importer(815301076,1909f56bfc062723c751e8b465ee728b)  -> (artifact id: 'f9e79d754955a74ba30a87bb61f6f55a') in 0.032622 seconds 
========================================================================
Received Import Request.
  Time since last request: 0.000026 seconds.
  path: Assets/_Course Library/_Prefabs/Environments/Foreground_Hills.prefab
  artifactKey: Guid(445506bfe97f74618aa3dac2a010ced3) Importer(815301076,1909f56bfc062723c751e8b465ee728b)
Start importing Assets/_Course Library/_Prefabs/Environments/Foreground_Hills.prefab using Guid(445506bfe97f74618aa3dac2a010ced3) Importer(815301076,1909f56bfc062723c751e8b465ee728b)  -> (artifact id: '7d70c4239338e938ce41820e4d912d51') in 0.062603 seconds 
========================================================================
Received Import Request.
  Time since last request: 971.000871 seconds.
  path: Assets/_Course Library/_Prefabs/Mirrors
  artifactKey: Guid(e5a2cbb8fc3984d31abfea24a131b675) Importer(815301076,1909f56bfc062723c751e8b465ee728b)
Start importing Assets/_Course Library/_Prefabs/Mirrors using Guid(e5a2cbb8fc3984d31abfea24a131b675) Importer(815301076,1909f56bfc062723c751e8b465ee728b)  -> (artifact id: '03056ee7a1833604d530aec94ad2c7a7') in 0.010837 seconds 
========================================================================
Received Import Request.
  Time since last request: 0.265128 seconds.
  path: Assets/_Course Library/_Prefabs/Mirrors/Mirror_Square_Black.prefab
  artifactKey: Guid(c34351a5319bcd74ab5f7a2f3ef5edcc) Importer(815301076,1909f56bfc062723c751e8b465ee728b)
Start importing Assets/_Course Library/_Prefabs/Mirrors/Mirror_Square_Black.prefab using Guid(c34351a5319bcd74ab5f7a2f3ef5edcc) Importer(815301076,1909f56bfc062723c751e8b465ee728b)  -> (artifact id: 'd12f5fedd202cbb96f22840bc3bb6ec4') in 0.024381 seconds 
========================================================================
Received Import Request.
  Time since last request: 73.041720 seconds.
  path: Assets/_Course Library/_Prefabs/Hooks
  artifactKey: Guid(6765169add0644d1ea2404fede15dbd1) Importer(815301076,1909f56bfc062723c751e8b465ee728b)
Start importing Assets/_Course Library/_Prefabs/Hooks using Guid(6765169add0644d1ea2404fede15dbd1) Importer(815301076,1909f56bfc062723c751e8b465ee728b)  -> (artifact id: 'b78b155a51aadca444ef2be82c9b3762') in 0.010900 seconds 
========================================================================
Received Import Request.
  Time since last request: 0.073081 seconds.
  path: Assets/_Course Library/_Prefabs/Hooks/Hook_Modern.prefab
  artifactKey: Guid(9c50d789c0c63e14f8e1f1447e1132bc) Importer(815301076,1909f56bfc062723c751e8b465ee728b)
Start importing Assets/_Course Library/_Prefabs/Hooks/Hook_Modern.prefab using Guid(9c50d789c0c63e14f8e1f1447e1132bc) Importer(815301076,1909f56bfc062723c751e8b465ee728b)  -> (artifact id: 'b6c0f5beea7ce06264e03877665d7498') in 0.022342 seconds 
========================================================================
Received Import Request.
  Time since last request: 75.162669 seconds.
  path: Assets/_Course Library/_Prefabs/Seating
  artifactKey: Guid(3c5bfbe6f8d944a2ea00f92e8ea86bce) Importer(815301076,1909f56bfc062723c751e8b465ee728b)
Start importing Assets/_Course Library/_Prefabs/Seating using Guid(3c5bfbe6f8d944a2ea00f92e8ea86bce) Importer(815301076,1909f56bfc062723c751e8b465ee728b)  -> (artifact id: '8ac8870d5bf582b50ec4bff47c6cf6f0') in 0.010967 seconds 
========================================================================
Received Import Request.
  Time since last request: 0.204496 seconds.
  path: Assets/_Course Library/_Prefabs/Seating/Chair_Modern_Black.prefab
  artifactKey: Guid(7b3726eaddf29ab41b207a350a3905cb) Importer(815301076,1909f56bfc062723c751e8b465ee728b)
Start importing Assets/_Course Library/_Prefabs/Seating/Chair_Modern_Black.prefab using Guid(7b3726eaddf29ab41b207a350a3905cb) Importer(815301076,1909f56bfc062723c751e8b465ee728b)  -> (artifact id: '1733bead003da4cf5c8be2518286ccb1') in 0.023244 seconds 
========================================================================
Received Import Request.
  Time since last request: 0.000024 seconds.
  path: Assets/_Course Library/_Prefabs/Seating/Couch_Modern_Brown.prefab
  artifactKey: Guid(c8e40e0db574f2245814fd7983a240f2) Importer(815301076,1909f56bfc062723c751e8b465ee728b)
Start importing Assets/_Course Library/_Prefabs/Seating/Couch_Modern_Brown.prefab using Guid(c8e40e0db574f2245814fd7983a240f2) Importer(815301076,1909f56bfc062723c751e8b465ee728b)  -> (artifact id: '1d1a60a9f5ac4499aeab0422617cbb72') in 0.022700 seconds 
========================================================================
Received Import Request.
  Time since last request: 0.000024 seconds.
  path: Assets/_Course Library/_Prefabs/Seating/Chair_Traditional_Light.prefab
  artifactKey: Guid(b4d538715c7469342811939a08b911d2) Importer(815301076,1909f56bfc062723c751e8b465ee728b)
Start importing Assets/_Course Library/_Prefabs/Seating/Chair_Traditional_Light.prefab using Guid(b4d538715c7469342811939a08b911d2) Importer(815301076,1909f56bfc062723c751e8b465ee728b)  -> (artifact id: 'b7d4aceb00f48d488aa2753b2372b842') in 0.051197 seconds 
========================================================================
Received Import Request.
  Time since last request: 0.000036 seconds.
  path: Assets/_Course Library/_Prefabs/Seating/Couch_Traditional_Gold.prefab
  artifactKey: Guid(9fd62c09090ff5448be42411d830128d) Importer(815301076,1909f56bfc062723c751e8b465ee728b)
Start importing Assets/_Course Library/_Prefabs/Seating/Couch_Traditional_Gold.prefab using Guid(9fd62c09090ff5448be42411d830128d) Importer(815301076,1909f56bfc062723c751e8b465ee728b)  -> (artifact id: 'c5cd69ac43a442e4ed6ff0423b3f78ce') in 0.019939 seconds 
========================================================================
Received Import Request.
  Time since last request: 0.000024 seconds.
  path: Assets/_Course Library/_Prefabs/Seating/Couch_Rustic_Red.prefab
  artifactKey: Guid(b951a849336641c4fab7cc6d23fd2767) Importer(815301076,1909f56bfc062723c751e8b465ee728b)
Start importing Assets/_Course Library/_Prefabs/Seating/Couch_Rustic_Red.prefab using Guid(b951a849336641c4fab7cc6d23fd2767) Importer(815301076,1909f56bfc062723c751e8b465ee728b)  -> (artifact id: '7b3d8b44a86ef79d8a01077aebd07985') in 0.022186 seconds 
========================================================================
Received Import Request.
  Time since last request: 0.000034 seconds.
  path: Assets/_Course Library/_Prefabs/Seating/Chair_Rustic_DarkBrown.prefab
  artifactKey: Guid(ddb8bcacf9b699b428806e528be6780f) Importer(815301076,1909f56bfc062723c751e8b465ee728b)
Start importing Assets/_Course Library/_Prefabs/Seating/Chair_Rustic_DarkBrown.prefab using Guid(ddb8bcacf9b699b428806e528be6780f) Importer(815301076,1909f56bfc062723c751e8b465ee728b)  -> (artifact id: '3bb5061d5051044b649a76dc1e7b875a') in 0.022034 seconds 
========================================================================
Received Import Request.
  Time since last request: 0.000031 seconds.
  path: Assets/_Course Library/_Prefabs/Seating/Couch_Traditional_Gray.prefab
  artifactKey: Guid(457f2848d5450fe40b602740b823eeec) Importer(815301076,1909f56bfc062723c751e8b465ee728b)
Start importing Assets/_Course Library/_Prefabs/Seating/Couch_Traditional_Gray.prefab using Guid(457f2848d5450fe40b602740b823eeec) Importer(815301076,1909f56bfc062723c751e8b465ee728b)  -> (artifact id: 'd3f85c0cdea4617d8141cae2ccd8b4fa') in 0.021241 seconds 
Editor requested this worker to shutdown with reason: Scaling down because of idle timeout
AssetImportWorker is now disconnected from the server
Process exiting
Exiting without the bug reporter. Application will terminate with return code 0