Using pre-set license
Built from '2021.3/staging' branch; Version is '2021.3.4f1 (cb45f9cae8b7) revision 13321721'; Using compiler version '192829333'; Build Type 'Release'
OS: 'Windows 10  (10.0.19045) 64bit CoreCountrySpecific' Language: 'zh' Physical Memory: 32636 MB
BatchMode: 1, IsHumanControllingUs: 0, StartBugReporterOnCrash: 0, Is64bit: 1, IsPro: 1

COMMAND LINE ARGUMENTS:
L:\unityHub\Editor\2021.3.4f1\Editor\Unity.exe
-adb2
-batchMode
-noUpm
-name
AssetImportWorker2
-projectPath
L:/VRRoom/VR_Room_sqh
-logFile
Logs/AssetImportWorker2.log
-srvPort
9663
Successfully changed project path to: L:/VRRoom/VR_Room_sqh
L:/VRRoom/VR_Room_sqh
[UnityMemory] Configuration Parameters - Can be set up in boot.config
    "memorysetup-bucket-allocator-granularity=16"
    "memorysetup-bucket-allocator-bucket-count=8"
    "memorysetup-bucket-allocator-block-size=33554432"
    "memorysetup-bucket-allocator-block-count=8"
    "memorysetup-main-allocator-block-size=16777216"
    "memorysetup-thread-allocator-block-size=16777216"
    "memorysetup-gfx-main-allocator-block-size=16777216"
    "memorysetup-gfx-thread-allocator-block-size=16777216"
    "memorysetup-cache-allocator-block-size=4194304"
    "memorysetup-typetree-allocator-block-size=2097152"
    "memorysetup-profiler-bucket-allocator-granularity=16"
    "memorysetup-profiler-bucket-allocator-bucket-count=8"
    "memorysetup-profiler-bucket-allocator-block-size=33554432"
    "memorysetup-profiler-bucket-allocator-block-count=8"
    "memorysetup-profiler-allocator-block-size=16777216"
    "memorysetup-profiler-editor-allocator-block-size=1048576"
    "memorysetup-temp-allocator-size-main=16777216"
    "memorysetup-job-temp-allocator-block-size=2097152"
    "memorysetup-job-temp-allocator-block-size-background=1048576"
    "memorysetup-job-temp-allocator-reduction-small-platforms=262144"
    "memorysetup-temp-allocator-size-background-worker=32768"
    "memorysetup-temp-allocator-size-job-worker=262144"
    "memorysetup-temp-allocator-size-preload-manager=33554432"
    "memorysetup-temp-allocator-size-nav-mesh-worker=65536"
    "memorysetup-temp-allocator-size-audio-worker=65536"
    "memorysetup-temp-allocator-size-cloud-worker=32768"
    "memorysetup-temp-allocator-size-gi-baking-worker=262144"
    "memorysetup-temp-allocator-size-gfx=262144"
Refreshing native plugins compatible for Editor in 111.99 ms, found 8 plugins.
Preloading 0 native plugins for Editor in 0.00 ms.
Initialize engine version: 2021.3.4f1 (cb45f9cae8b7)
[Subsystems] Discovering subsystems at path L:/unityHub/Editor/2021.3.4f1/Editor/Data/Resources/UnitySubsystems
[Subsystems] Discovering subsystems at path L:/VRRoom/VR_Room_sqh/Assets
GfxDevice: creating device client; threaded=0; jobified=0
Direct3D:
    Version:  Direct3D 11.0 [level 11.1]
    Renderer: NVIDIA GeForce RTX 3050 Ti Laptop GPU (ID=0x25e0)
    Vendor:   NVIDIA
    VRAM:     3990 MB
    Driver:   30.0.15.1236
Initialize mono
Mono path[0] = 'L:/unityHub/Editor/2021.3.4f1/Editor/Data/Managed'
Mono path[1] = 'L:/unityHub/Editor/2021.3.4f1/Editor/Data/MonoBleedingEdge/lib/mono/unityjit-win32'
Mono config path = 'L:/unityHub/Editor/2021.3.4f1/Editor/Data/MonoBleedingEdge/etc'
Using monoOptions --debugger-agent=transport=dt_socket,embedding=1,server=y,suspend=n,address=127.0.0.1:56660
Begin MonoManager ReloadAssembly
Registering precompiled unity dll's ...
Register platform support module: L:/unityHub/Editor/2021.3.4f1/Editor/Data/PlaybackEngines/WindowsStandaloneSupport/UnityEditor.WindowsStandalone.Extensions.dll
Registered in 0.002268 seconds.
Native extension for WindowsStandalone target not found
Refreshing native plugins compatible for Editor in 105.71 ms, found 8 plugins.
Preloading 0 native plugins for Editor in 0.00 ms.
Mono: successfully reloaded assembly
- Completed reload, in  0.550 seconds
Domain Reload Profiling:
	ReloadAssembly (551ms)
		BeginReloadAssembly (73ms)
			ExecutionOrderSort (0ms)
			DisableScriptedObjects (0ms)
			BackupInstance (0ms)
			ReleaseScriptingObjects (0ms)
			CreateAndSetChildDomain (1ms)
		EndReloadAssembly (398ms)
			LoadAssemblies (72ms)
			RebuildTransferFunctionScriptingTraits (0ms)
			SetupTypeCache (86ms)
			ReleaseScriptCaches (0ms)
			RebuildScriptCaches (19ms)
			SetupLoadedEditorAssemblies (251ms)
				LogAssemblyErrors (0ms)
				InitializePlatformSupportModulesInManaged (5ms)
				SetLoadedEditorAssemblies (0ms)
				RefreshPlugins (106ms)
				BeforeProcessingInitializeOnLoad (1ms)
				ProcessInitializeOnLoadAttributes (98ms)
				ProcessInitializeOnLoadMethodAttributes (41ms)
				AfterProcessingInitializeOnLoad (0ms)
				EditorAssembliesLoaded (0ms)
			ExecutionOrderSort2 (0ms)
			AwakeInstancesAfterBackupRestoration (0ms)
Platform modules already initialized, skipping
Registering precompiled user dll's ...
Registered in 0.008411 seconds.
Begin MonoManager ReloadAssembly
Symbol file LoadedFromMemory doesn't match image L:\VRRoom\VR_Room_sqh\Library\PackageCache\com.unity.visualscripting@1.7.8\Editor\VisualScripting.Core\Dependencies\DotNetZip\Unity.VisualScripting.IonicZip.dll
Symbol file LoadedFromMemory doesn't match image L:\VRRoom\VR_Room_sqh\Library\PackageCache\com.unity.visualscripting@1.7.8\Editor\VisualScripting.Core\Dependencies\YamlDotNet\Unity.VisualScripting.YamlDotNet.dll
Native extension for WindowsStandalone target not found
Refreshing native plugins compatible for Editor in 100.60 ms, found 8 plugins.
Preloading 0 native plugins for Editor in 0.00 ms.
Package Manager log level set to [2]
Mono: successfully reloaded assembly
- Completed reload, in  1.192 seconds
Domain Reload Profiling:
	ReloadAssembly (1192ms)
		BeginReloadAssembly (108ms)
			ExecutionOrderSort (0ms)
			DisableScriptedObjects (5ms)
			BackupInstance (0ms)
			ReleaseScriptingObjects (0ms)
			CreateAndSetChildDomain (18ms)
		EndReloadAssembly (995ms)
			LoadAssemblies (103ms)
			RebuildTransferFunctionScriptingTraits (0ms)
			SetupTypeCache (236ms)
			ReleaseScriptCaches (1ms)
			RebuildScriptCaches (61ms)
			SetupLoadedEditorAssemblies (572ms)
				LogAssemblyErrors (0ms)
				InitializePlatformSupportModulesInManaged (3ms)
				SetLoadedEditorAssemblies (0ms)
				RefreshPlugins (101ms)
				BeforeProcessingInitializeOnLoad (101ms)
				ProcessInitializeOnLoadAttributes (291ms)
				ProcessInitializeOnLoadMethodAttributes (73ms)
				AfterProcessingInitializeOnLoad (3ms)
				EditorAssembliesLoaded (0ms)
			ExecutionOrderSort2 (0ms)
			AwakeInstancesAfterBackupRestoration (8ms)
Platform modules already initialized, skipping
========================================================================
Worker process is ready to serve import requests
Launched and connected shader compiler UnityShaderCompiler.exe after 0.05 seconds
Refreshing native plugins compatible for Editor in 1.29 ms, found 8 plugins.
Preloading 0 native plugins for Editor in 0.00 ms.
Unloading 5891 Unused Serialized files (Serialized files now loaded: 0)
Unloading 55 unused Assets / (0.7 MB). Loaded Objects now: 6327.
Memory consumption went from 226.0 MB to 225.3 MB.
Total: 3.978100 ms (FindLiveObjects: 0.455100 ms CreateObjectMapping: 0.191300 ms MarkObjects: 3.023600 ms  DeleteObjects: 0.307400 ms)

AssetImportParameters requested are different than current active one (requested -> active):
  custom:video-decoder-ogg-theora: a1e56fd34408186e4bbccfd4996cb3dc -> 
  custom:container-muxer-webm: aa71ff27fc2769a1b78a27578f13a17b -> 
  custom:container-demuxer-webm: 4f35f7cbe854078d1ac9338744f61a02 -> 
  custom:video-encoder-webm-vp8: eb34c28f22e8b96e1ab97ce403110664 -> 
  custom:video-codec-MediaFoundation-h265: 746d11721c4dcdbdad8f713fa42b33f4 -> 
  custom:audio-encoder-webm-vorbis: bf7c407c2cedff20999df2af8eb42d56 -> 
  custom:framework-win-MediaFoundation: 216162199b28c13a410421893ffa2e32 -> 
  custom:container-demuxer-ogg: 62fdf1f143b41e24485cea50d1cbac27 -> 
  custom:video-decoder-webm-vp8: 9c59270c3fd7afecdb556c50c9e8de78 -> 
  custom:audio-decoder-ogg-vorbis: bf7c407c2cedff20999df2af8eb42d56 -> 
========================================================================
Received Import Request.
  Time since last request: 328335.601291 seconds.
  path: Assets/_Course Library/_Prefabs/Televisions
  artifactKey: Guid(e59171cfb707b4906ada5f378ce3b411) Importer(815301076,1909f56bfc062723c751e8b465ee728b)
Start importing Assets/_Course Library/_Prefabs/Televisions using Guid(e59171cfb707b4906ada5f378ce3b411) Importer(815301076,1909f56bfc062723c751e8b465ee728b)  -> (artifact id: 'c9a92224f874236b87aa42106f3bdd3f') in 0.022848 seconds 
========================================================================
Received Import Request.
  Time since last request: 0.634813 seconds.
  path: Assets/_Course Library/_Prefabs/Televisions/TV_FlatWallMounted.prefab
  artifactKey: Guid(a3051c696c83442f8b9a1c115ffa2359) Importer(815301076,1909f56bfc062723c751e8b465ee728b)
Start importing Assets/_Course Library/_Prefabs/Televisions/TV_FlatWallMounted.prefab using Guid(a3051c696c83442f8b9a1c115ffa2359) Importer(815301076,1909f56bfc062723c751e8b465ee728b)  -> (artifact id: 'd53ed8a2c42d6f48813ed5a364ba8153') in 0.249786 seconds 
========================================================================
Received Import Request.
  Time since last request: 167.440086 seconds.
  path: Assets/_Course Library/_Prefabs/Fireplaces
  artifactKey: Guid(bbe11c6a4e61e4be3aa2a6366b2d0f86) Importer(815301076,1909f56bfc062723c751e8b465ee728b)
Start importing Assets/_Course Library/_Prefabs/Fireplaces using Guid(bbe11c6a4e61e4be3aa2a6366b2d0f86) Importer(815301076,1909f56bfc062723c751e8b465ee728b)  -> (artifact id: '8ab225ba22ad6ce0b8cf9c38759a61f4') in 0.011097 seconds 
========================================================================
Received Import Request.
  Time since last request: 0.104926 seconds.
  path: Assets/_Course Library/_Prefabs/Fireplaces/Fireplace_Modern.prefab
  artifactKey: Guid(f654ef212370c2948b593977bd733164) Importer(815301076,1909f56bfc062723c751e8b465ee728b)
Start importing Assets/_Course Library/_Prefabs/Fireplaces/Fireplace_Modern.prefab using Guid(f654ef212370c2948b593977bd733164) Importer(815301076,1909f56bfc062723c751e8b465ee728b)  -> (artifact id: '9e5a75806fde6d1863be7c444679f7c8') in 0.034136 seconds 
========================================================================
Received Import Request.
  Time since last request: 48.000007 seconds.
  path: Assets/_Course Library/_Prefabs/Rugs
  artifactKey: Guid(3c4df7fcbe8f540d19e104d70f3c2552) Importer(815301076,1909f56bfc062723c751e8b465ee728b)
Start importing Assets/_Course Library/_Prefabs/Rugs using Guid(3c4df7fcbe8f540d19e104d70f3c2552) Importer(815301076,1909f56bfc062723c751e8b465ee728b)  -> (artifact id: '616e84d0bd279f791cd9c923888be0cc') in 0.011806 seconds 
========================================================================
Received Import Request.
  Time since last request: 0.062511 seconds.
  path: Assets/_Course Library/_Prefabs/Rugs/Mat_Rect_Black.prefab
  artifactKey: Guid(7d586b4a941812f4c96edf51d20fdc73) Importer(815301076,1909f56bfc062723c751e8b465ee728b)
Start importing Assets/_Course Library/_Prefabs/Rugs/Mat_Rect_Black.prefab using Guid(7d586b4a941812f4c96edf51d20fdc73) Importer(815301076,1909f56bfc062723c751e8b465ee728b)  -> (artifact id: '3f851a09ce2433ca38ca299455a7fed4') in 0.034993 seconds 
========================================================================
Received Import Request.
  Time since last request: 0.000028 seconds.
  path: Assets/_Course Library/_Prefabs/Rugs/Rug_Rect_Purple.prefab
  artifactKey: Guid(e5b6e40db88c14344b1b380c0e966e20) Importer(815301076,1909f56bfc062723c751e8b465ee728b)
Start importing Assets/_Course Library/_Prefabs/Rugs/Rug_Rect_Purple.prefab using Guid(e5b6e40db88c14344b1b380c0e966e20) Importer(815301076,1909f56bfc062723c751e8b465ee728b)  -> (artifact id: 'ac85c9a68b96fdc33e3241a80619188a') in 0.024650 seconds 
========================================================================
Received Import Request.
  Time since last request: 0.000031 seconds.
  path: Assets/_Course Library/_Prefabs/Rugs/Rug_Rect_Gray.prefab
  artifactKey: Guid(4fedbc191226c1146a147611e5fc67ac) Importer(815301076,1909f56bfc062723c751e8b465ee728b)
Start importing Assets/_Course Library/_Prefabs/Rugs/Rug_Rect_Gray.prefab using Guid(4fedbc191226c1146a147611e5fc67ac) Importer(815301076,1909f56bfc062723c751e8b465ee728b)  -> (artifact id: '1ded56b2b4319af54efdc4778ffe9126') in 0.021271 seconds 
========================================================================
Received Import Request.
  Time since last request: 0.000033 seconds.
  path: Assets/_Course Library/_Prefabs/Rugs/Rug_Oval_Purple.prefab
  artifactKey: Guid(2a0989c512f34104c9d5ca8e832c0b21) Importer(815301076,1909f56bfc062723c751e8b465ee728b)
Start importing Assets/_Course Library/_Prefabs/Rugs/Rug_Oval_Purple.prefab using Guid(2a0989c512f34104c9d5ca8e832c0b21) Importer(815301076,1909f56bfc062723c751e8b465ee728b)  -> (artifact id: 'd8a988705d0807018aa184ec868fd57b') in 0.024689 seconds 
Editor requested this worker to shutdown with reason: Scaling down because of idle timeout
AssetImportWorker is now disconnected from the server
Process exiting
Exiting without the bug reporter. Application will terminate with return code 0